<?xml version="1.0" encoding="UTF-8"?>
<!-- Generated by org.testng.reporters.JUnitReportReporter -->
<testsuite skipped="0" hostname="Ranjeet-K" name="com.makeMyTrip.MakeMyTripTest" tests="1" failures="0" timestamp="2022-03-19T17:08:17 IST" time="19.230" errors="0">
  <testcase name="launchMakeMyTrip" time="19.230" classname="com.makeMyTrip.MakeMyTripTest"/>
  <system-out/>
</testsuite> <!-- com.makeMyTrip.MakeMyTripTest -->
