<?xml version="1.0" encoding="UTF-8"?>
<!-- Generated by org.testng.reporters.JUnitReportReporter -->
<testsuite skipped="0" hostname="Ranjeet-K" name="com.Booking.BookingTest" tests="1" failures="0" timestamp="2022-03-19T17:11:41 IST" time="11.610" errors="0">
  <testcase name="launchBooking" time="11.610" classname="com.Booking.BookingTest"/>
  <system-out/>
</testsuite> <!-- com.Booking.BookingTest -->
