<?xml version="1.0" encoding="UTF-8"?>
<!-- Generated by org.testng.reporters.JUnitReportReporter -->
<testsuite skipped="0" hostname="Ranjeet-K" name="com.cheapAir.FlightSearchTest" tests="1" failures="0" timestamp="2022-03-19T17:10:35 IST" time="15.086" errors="0">
  <testcase name="searchFlight" time="15.086" classname="com.cheapAir.FlightSearchTest"/>
  <system-out/>
</testsuite> <!-- com.cheapAir.FlightSearchTest -->
