<?xml version="1.0" encoding="UTF-8"?>
<!-- Generated by org.testng.reporters.JUnitReportReporter -->
<testsuite skipped="0" hostname="Ranjeet-K" name="com.Booking.BookingTest" tests="1" failures="0" timestamp="2022-03-20T01:46:52 IST" time="16.957" errors="0">
  <testcase name="searchStay" time="16.957" classname="com.Booking.BookingTest"/>
  <system-out/>
</testsuite> <!-- com.Booking.BookingTest -->
