<?xml version="1.0" encoding="UTF-8"?>
<!-- Generated by org.testng.reporters.JUnitReportReporter -->
<testsuite skipped="0" hostname="DESKTOP-TOSGA42" name="cheapAir.LaunchApp" tests="1" failures="0" timestamp="2021-01-19T16:30:37 IST" time="22.158" errors="0">
  <testcase name="launchUrl" time="22.158" classname="cheapAir.LaunchApp"/>
  <system-out/>
</testsuite> <!-- cheapAir.LaunchApp -->
