<?xml version="1.0" encoding="UTF-8"?>
<!-- Generated by org.testng.reporters.JUnitReportReporter -->
<testsuite hostname="DESKTOP-8K9ALGQ" failures="0" tests="1" name="com.FlightSearch.FlightSearchTest" time="21.272" errors="0" timestamp="2021-03-17T05:07:30 IST" skipped="0">
  <testcase classname="com.FlightSearch.FlightSearchTest" name="searchFlight" time="21.272"/>
  <system-out/>
</testsuite> <!-- com.FlightSearch.FlightSearchTest -->
